2023-09-29T02:28:03+00:00 Data ---> bcava : PHP-Library Request : {
    "customerEmail": "anton@budiman.com",
    "customerName": "Anton Budiman",
    "amount": "120000",
    "invoiceNumber": "XUZmwv6YfIrgYhtD4amL",
    "expiryTime": 60,
    "info1": "Info1",
    "info2": "Info2",
    "info3": "Info3",
    "reusableStatus": false
}
2023-09-29T02:33:15+00:00 Data ---> bcava : PHP-Library Request : {
    "customerEmail": "anton@budiman.com",
    "customerName": "sdknda Anton Budiman",
    "amount": "120000",
    "invoiceNumber": "SqH6lFT99AToFhMD6NyS",
    "expiryTime": 60,
    "info1": "Info1",
    "info2": "Info2",
    "info3": "Info3",
    "reusableStatus": false
}
2023-09-29T02:33:25+00:00 Data ---> bcava : PHP-Library Request : {
    "customerEmail": "anton@budiman.com",
    "customerName": "sdknda Anton Budiman",
    "amount": "120000",
    "invoiceNumber": "d9vtKQ4K22VeYM4SCdg3",
    "expiryTime": 60,
    "info1": "Info1",
    "info2": "Info2",
    "info3": "Info3",
    "reusableStatus": false
}
2023-09-29T02:49:36+00:00 Data ---> bcava : PHP-Library Request : {
    "customerEmail": "heriaileen@gmail.com",
    "customerName": "Test Heri",
    "amount": "120000",
    "invoiceNumber": "HV0sqG9gYD5wr8WE9awI",
    "expiryTime": 60,
    "info1": "Info1",
    "info2": "Info2",
    "info3": "Info3",
    "reusableStatus": false
}
2023-09-29T02:53:17+00:00 Data ---> bcava : PHP-Library Request : {
    "customerEmail": "anton@budiman.com",
    "customerName": "Anton Budiman",
    "amount": "120000",
    "invoiceNumber": "n9wym6JRdwKNCOfv5d9z",
    "expiryTime": 60,
    "info1": "Info1",
    "info2": "Info2",
    "info3": "Info3",
    "reusableStatus": false
}
2023-09-29T02:54:18+00:00 Data --->  : PHP-Library Response : null
2023-09-29T02:54:36+00:00 Data ---> bcava : PHP-Library Request : {
    "customerEmail": "anton@budiman.com",
    "customerName": "Anton Budiman",
    "amount": "120000",
    "invoiceNumber": "DRcFfGSQ9psiTJLB1TE6",
    "expiryTime": 60,
    "info1": "Info1",
    "info2": "Info2",
    "info3": "Info3",
    "reusableStatus": false
}
2023-09-29T02:55:36+00:00 Data ---> bcava : PHP-Library Request : {
    "customerEmail": "anton@budiman.com",
    "customerName": "Anton Budiman",
    "amount": "120000",
    "invoiceNumber": "HnI35oYtUxL5oJ0JcFZx",
    "expiryTime": 60,
    "info1": "Info1",
    "info2": "Info2",
    "info3": "Info3",
    "reusableStatus": false
}
2023-09-29T02:57:10+00:00 Data ---> bcava : PHP-Library Request : {
    "customerEmail": "anton@budiman.com",
    "customerName": "Anton Budiman",
    "amount": "120000",
    "invoiceNumber": "RtND1XdI7dmGOIPEUVad",
    "expiryTime": 60,
    "info1": "Info1",
    "info2": "Info2",
    "info3": "Info3",
    "reusableStatus": false
}
2023-09-29T02:59:04+00:00 Data ---> bcava : PHP-Library Request : {
    "customerEmail": "anton@budiman.com",
    "customerName": "Anton Budiman",
    "amount": "120000",
    "invoiceNumber": "rSfTXW3WIIH1cQEzk3MV",
    "expiryTime": 60,
    "info1": "Info1",
    "info2": "Info2",
    "info3": "Info3",
    "reusableStatus": false
}
2023-09-29T02:59:45+00:00 Data ---> bcava : PHP-Library Request : {
    "customerEmail": "anton@budiman.com",
    "customerName": "Anton Budiman",
    "amount": "120000",
    "invoiceNumber": "WL0RHpa3l7D5LTk1LORW",
    "expiryTime": 60,
    "info1": "Info1",
    "info2": "Info2",
    "info3": "Info3",
    "reusableStatus": false
}
2023-09-29T03:01:25+00:00 Data ---> bcava : PHP-Library Request : {
    "customerEmail": "anton@budiman.com",
    "customerName": "Anton Budiman",
    "amount": "120000",
    "invoiceNumber": "B6ybC6lXpPbNiivwVCqi",
    "expiryTime": 60,
    "info1": "Info1",
    "info2": "Info2",
    "info3": "Info3",
    "reusableStatus": false
}
2023-09-29T03:06:02+00:00 Data ---> bcava : PHP-Library Request : {
    "customerEmail": "anton@budiman.com",
    "customerName": "Anton Budiman",
    "amount": "120000",
    "invoiceNumber": "8EAHoeZqok4JBmZA8xfQ",
    "expiryTime": 60,
    "info1": "Info1",
    "info2": "Info2",
    "info3": "Info3",
    "reusableStatus": false
}
2023-09-29T03:07:53+00:00 Data ---> bcava : PHP-Library Request : {
    "customerEmail": "anton@budiman.com",
    "customerName": "Anton Budiman",
    "amount": "120000",
    "invoiceNumber": "kvqym0afNuSewa8IuVHe",
    "expiryTime": 60,
    "info1": "Info1",
    "info2": "Info2",
    "info3": "Info3",
    "reusableStatus": false
}
2023-09-29T03:20:49+00:00 Data ---> bcava : PHP-Library Request : {
    "customerEmail": "anton@budiman.com",
    "customerName": "Anton Budiman",
    "amount": "120000",
    "invoiceNumber": "K1281FuroGeIT7UxoQ1M",
    "expiryTime": 60,
    "info1": "Info1",
    "info2": "Info2",
    "info3": "Info3",
    "reusableStatus": false
}
2023-09-29T03:22:46+00:00 Data ---> bcava : PHP-Library Request : {
    "customerEmail": "anton@budiman.com",
    "customerName": "Anton Budiman",
    "amount": "120000",
    "invoiceNumber": "K1281FuroGeIT7UxoQ1M",
    "expiryTime": 60,
    "info1": "Info1",
    "info2": "Info2",
    "info3": "Info3",
    "reusableStatus": false
}
2023-09-29T03:26:30+00:00 Data ---> bcava : PHP-Library Request : {
    "customerEmail": "anton@budiman.com",
    "customerName": "Anton Budiman",
    "amount": "120000",
    "invoiceNumber": "K1281FuroGeIT7UxoQ1M",
    "expiryTime": 60,
    "info1": "Info1",
    "info2": "Info2",
    "info3": "Info3",
    "reusableStatus": false
}
2023-09-29T03:26:31+00:00 Data ---> bcava : PHP-Library Request : {
    "customerEmail": "anton@budiman.com",
    "customerName": "Anton Budiman",
    "amount": "120000",
    "invoiceNumber": "K1281FuroGeIT7UxoQ1M",
    "expiryTime": 60,
    "info1": "Info1",
    "info2": "Info2",
    "info3": "Info3",
    "reusableStatus": false
}
2023-09-29T03:28:55+00:00 Data ---> bankmandiriva : PHP-Library Request : {
    "customerEmail": "anton@budiman.com",
    "customerName": "Anton Budiman",
    "amount": "120000",
    "invoiceNumber": "pQzz0ZsMBieIbjUpgMXX",
    "expiryTime": 60,
    "info1": "Info1",
    "info2": "Info2",
    "info3": "Info3",
    "reusableStatus": false
}
2023-09-29T03:29:38+00:00 Data ---> bankmandiriva : PHP-Library Request : {
    "customerEmail": "anton@budiman.com",
    "customerName": "Anton Budiman",
    "amount": "120000",
    "invoiceNumber": "pQzz0ZsMBieIbjUpgMXX",
    "expiryTime": 60,
    "info1": "Info1",
    "info2": "Info2",
    "info3": "Info3",
    "reusableStatus": false
}
2023-09-29T03:31:00+00:00 Data ---> bankmandiriva : PHP-Library Request : {
    "customerEmail": "anton@budiman.com",
    "customerName": "Anton Budiman",
    "amount": "120000",
    "invoiceNumber": "mMJyZ3fSARjycZeFQrUQ",
    "expiryTime": 60,
    "info1": "Info1",
    "info2": "Info2",
    "info3": "Info3",
    "reusableStatus": false
}
2023-09-29T03:31:42+00:00 Data ---> bankmandiriva : PHP-Library Request : {
    "customerEmail": "anton@budiman.com",
    "customerName": "Anton Budiman",
    "amount": "120000",
    "invoiceNumber": "sZuQ0uQnuyGzIALaU6yf",
    "expiryTime": 60,
    "info1": "Info1",
    "info2": "Info2",
    "info3": "Info3",
    "reusableStatus": false
}
2023-09-29T03:31:42+00:00 Data ---> bankmandiriva : PHP-Library Response : null
2023-09-29T03:33:38+00:00 Data ---> bankmandiriva : PHP-Library Request : {
    "customerEmail": "anton@budiman.com",
    "customerName": "Anton Budiman",
    "amount": "120000",
    "invoiceNumber": "sZuQ0uQnuyGzIALaU6yf",
    "expiryTime": 60,
    "info1": "Info1",
    "info2": "Info2",
    "info3": "Info3",
    "reusableStatus": false
}
2023-09-29T03:33:38+00:00 Data ---> bankmandiriva : PHP-Library Response : null
2023-09-29T03:57:31+00:00 Data ---> bankmandiriva : PHP-Library Request : {
    "customerEmail": "anton@budiman.com",
    "customerName": "Anton Budiman",
    "amount": "120000",
    "invoiceNumber": "sZuQ0uQnuyGzIALaU6yf",
    "expiryTime": 60,
    "info1": "Info1",
    "info2": "Info2",
    "info3": "Info3",
    "reusableStatus": false
}
2023-09-29T03:57:32+00:00 Data ---> bankmandiriva : PHP-Library Response : null
